Info: Starting: Create HDL design files for synthesis
Info: qsys-generate /home/ubuntu/workdir/corlice/nios_system.qsys --synthesis=VERILOG --output-directory=/home/ubuntu/workdir/corlice/nios_system/synthesis --family="Cyclone V" --part=5CSEBA6U23I7
Progress: Loading corlice/nios_system.qsys
Progress: Reading input file
Progress: Adding descriptor_memory [altera_avalon_onchip_memory2 16.1]
Progress: Parameterizing module descriptor_memory
Progress: Adding jtag_uart [altera_avalon_jtag_uart 16.1]
Progress: Parameterizing module jtag_uart
Progress: Adding main_memory [altera_avalon_onchip_memory2 16.1]
Progress: Parameterizing module main_memory
Progress: Adding nios2 [altera_nios2_qsys 16.1]
Progress: Parameterizing module nios2
Progress: Adding sgdma_rx [altera_avalon_sgdma 16.1]
Progress: Parameterizing module sgdma_rx
Progress: Adding sgdma_tx [altera_avalon_sgdma 16.1]
Progress: Parameterizing module sgdma_tx
Progress: Adding sys_clk [clock_source 16.1]
Progress: Parameterizing module sys_clk
Progress: Adding tse [altera_eth_tse 16.1]
Progress: Parameterizing module tse
Progress: Building connections
Progress: Parameterizing connections
Progress: Validating
Progress: Done reading input file
Info: nios_system.jtag_uart: JTAG UART IP input clock need to be at least double (2x) the operating frequency of JTAG TCK on board
Warning: nios_system.nios2: Nios II Classic cores are no longer recommended for new projects
Info: nios_system.sgdma_rx: Scatter-Gather DMA Controller will only be supported in Quartus Prime Standard Edition in the future release.
Info: nios_system.sgdma_tx: Scatter-Gather DMA Controller will only be supported in Quartus Prime Standard Edition in the future release.
Info: nios_system.tse.receive/sgdma_rx.in: Ready latency is 2 for source and 0 for sink. Avalon-ST Adapter will be inserted..
Info: nios_system: Generating nios_system "nios_system" for QUARTUS_SYNTH
Info: avalon_st_adapter: Inserting timing_adapter: timing_adapter_0
Info: descriptor_memory: Starting RTL generation for module 'nios_system_descriptor_memory'
Info: descriptor_memory:   Generation command is [exec /home/ubuntu/intelFPGA_lite/16.1/quartus/linux64/perl/bin/perl -I /home/ubuntu/intelFPGA_lite/16.1/quartus/linux64/perl/lib -I /home/ubuntu/intelFPGA_lite/16.1/quartus/sopc_builder/bin/europa -I /home/ubuntu/intelFPGA_lite/16.1/quartus/sopc_builder/bin/perl_lib -I /home/ubuntu/intelFPGA_lite/16.1/quartus/sopc_builder/bin -I /home/ubuntu/intelFPGA_lite/16.1/quartus/../ip/altera/sopc_builder_ip/common -I /home/ubuntu/intelFPGA_lite/16.1/quartus/../ip/altera/sopc_builder_ip/altera_avalon_onchip_memory2 -- /home/ubuntu/intelFPGA_lite/16.1/quartus/../ip/altera/sopc_builder_ip/altera_avalon_onchip_memory2/generate_rtl.pl --name=nios_system_descriptor_memory --dir=/tmp/alt7313_2828402817434160069.dir/0001_descriptor_memory_gen/ --quartus_dir=/home/ubuntu/intelFPGA_lite/16.1/quartus --verilog --config=/tmp/alt7313_2828402817434160069.dir/0001_descriptor_memory_gen//nios_system_descriptor_memory_component_configuration.pl  --do_build_sim=0  ]
Info: descriptor_memory: Done RTL generation for module 'nios_system_descriptor_memory'
Info: descriptor_memory: "nios_system" instantiated altera_avalon_onchip_memory2 "descriptor_memory"
Info: jtag_uart: Starting RTL generation for module 'nios_system_jtag_uart'
Info: jtag_uart:   Generation command is [exec /home/ubuntu/intelFPGA_lite/16.1/quartus/linux64/perl/bin/perl -I /home/ubuntu/intelFPGA_lite/16.1/quartus/linux64/perl/lib -I /home/ubuntu/intelFPGA_lite/16.1/quartus/sopc_builder/bin/europa -I /home/ubuntu/intelFPGA_lite/16.1/quartus/sopc_builder/bin/perl_lib -I /home/ubuntu/intelFPGA_lite/16.1/quartus/sopc_builder/bin -I /home/ubuntu/intelFPGA_lite/16.1/quartus/../ip/altera/sopc_builder_ip/common -I /home/ubuntu/intelFPGA_lite/16.1/quartus/../ip/altera/sopc_builder_ip/altera_avalon_jtag_uart -- /home/ubuntu/intelFPGA_lite/16.1/quartus/../ip/altera/sopc_builder_ip/altera_avalon_jtag_uart/generate_rtl.pl --name=nios_system_jtag_uart --dir=/tmp/alt7313_2828402817434160069.dir/0002_jtag_uart_gen/ --quartus_dir=/home/ubuntu/intelFPGA_lite/16.1/quartus --verilog --config=/tmp/alt7313_2828402817434160069.dir/0002_jtag_uart_gen//nios_system_jtag_uart_component_configuration.pl  --do_build_sim=0  ]
Info: jtag_uart: Done RTL generation for module 'nios_system_jtag_uart'
Info: jtag_uart: "nios_system" instantiated altera_avalon_jtag_uart "jtag_uart"
Info: main_memory: Starting RTL generation for module 'nios_system_main_memory'
Info: main_memory:   Generation command is [exec /home/ubuntu/intelFPGA_lite/16.1/quartus/linux64/perl/bin/perl -I /home/ubuntu/intelFPGA_lite/16.1/quartus/linux64/perl/lib -I /home/ubuntu/intelFPGA_lite/16.1/quartus/sopc_builder/bin/europa -I /home/ubuntu/intelFPGA_lite/16.1/quartus/sopc_builder/bin/perl_lib -I /home/ubuntu/intelFPGA_lite/16.1/quartus/sopc_builder/bin -I /home/ubuntu/intelFPGA_lite/16.1/quartus/../ip/altera/sopc_builder_ip/common -I /home/ubuntu/intelFPGA_lite/16.1/quartus/../ip/altera/sopc_builder_ip/altera_avalon_onchip_memory2 -- /home/ubuntu/intelFPGA_lite/16.1/quartus/../ip/altera/sopc_builder_ip/altera_avalon_onchip_memory2/generate_rtl.pl --name=nios_system_main_memory --dir=/tmp/alt7313_2828402817434160069.dir/0003_main_memory_gen/ --quartus_dir=/home/ubuntu/intelFPGA_lite/16.1/quartus --verilog --config=/tmp/alt7313_2828402817434160069.dir/0003_main_memory_gen//nios_system_main_memory_component_configuration.pl  --do_build_sim=0  ]
Info: main_memory: Done RTL generation for module 'nios_system_main_memory'
Info: main_memory: "nios_system" instantiated altera_avalon_onchip_memory2 "main_memory"
Info: nios2: Starting RTL generation for module 'nios_system_nios2'
Info: nios2:   Generation command is [exec /home/ubuntu/intelFPGA_lite/16.1/quartus/linux64/eperlcmd -I /home/ubuntu/intelFPGA_lite/16.1/quartus/linux64/perl/lib -I /home/ubuntu/intelFPGA_lite/16.1/quartus/sopc_builder/bin/europa -I /home/ubuntu/intelFPGA_lite/16.1/quartus/sopc_builder/bin/perl_lib -I /home/ubuntu/intelFPGA_lite/16.1/quartus/sopc_builder/bin -I /home/ubuntu/intelFPGA_lite/16.1/quartus/../ip/altera/nios2_ip/altera_nios2/cpu_lib -I /home/ubuntu/intelFPGA_lite/16.1/quartus/../ip/altera/nios2_ip/altera_nios2/nios_lib -I /home/ubuntu/intelFPGA_lite/16.1/quartus/../ip/altera/nios2_ip/altera_nios2 -I /home/ubuntu/intelFPGA_lite/16.1/quartus/../ip/altera/nios2_ip/altera_nios2 -- /home/ubuntu/intelFPGA_lite/16.1/quartus/../ip/altera/nios2_ip/altera_nios2/generate_rtl.epl --name=nios_system_nios2 --dir=/tmp/alt7313_2828402817434160069.dir/0004_nios2_gen/ --quartus_bindir=/home/ubuntu/intelFPGA_lite/16.1/quartus/linux64 --verilog --config=/tmp/alt7313_2828402817434160069.dir/0004_nios2_gen//nios_system_nios2_processor_configuration.pl  --do_build_sim=0  ]
Info: nios2: # 2017.05.27 04:35:46 (*) Starting Nios II generation
Info: nios2: # 2017.05.27 04:35:46 (*)   Checking for plaintext license.
Info: nios2: # 2017.05.27 04:35:46 (*)   Couldn't query license setup in Quartus directory /home/ubuntu/intelFPGA_lite/16.1/quartus/linux64
Info: nios2: # 2017.05.27 04:35:46 (*)   Defaulting to contents of LM_LICENSE_FILE environment variable
Info: nios2: # 2017.05.27 04:35:46 (*)   LM_LICENSE_FILE environment variable is empty
Info: nios2: # 2017.05.27 04:35:46 (*)   Plaintext license not found.
Info: nios2: # 2017.05.27 04:35:46 (*)   Checking for encrypted license (non-evaluation).
Info: nios2: # 2017.05.27 04:35:47 (*)   Couldn't query license setup in Quartus directory /home/ubuntu/intelFPGA_lite/16.1/quartus/linux64
Info: nios2: # 2017.05.27 04:35:47 (*)   Defaulting to contents of LM_LICENSE_FILE environment variable
Info: nios2: # 2017.05.27 04:35:47 (*)   LM_LICENSE_FILE environment variable is empty
Info: nios2: # 2017.05.27 04:35:47 (*)   Encrypted license not found.  Defaulting to OCP evaluation license (produces a time-limited SOF)
Info: nios2: # 2017.05.27 04:35:47 (*)   Elaborating CPU configuration settings
Info: nios2: # 2017.05.27 04:35:47 (*)   Creating all objects for CPU
Info: nios2: # 2017.05.27 04:35:48 (*)     Pipeline frontend
Info: nios2: # 2017.05.27 04:35:49 (*)   Generating RTL from CPU objects
Info: nios2: # 2017.05.27 04:35:51 (*)   Creating encrypted RTL
Info: nios2: # 2017.05.27 04:35:52 (*) Done Nios II generation
Info: nios2: Done RTL generation for module 'nios_system_nios2'
Info: nios2: "nios_system" instantiated altera_nios2_qsys "nios2"
Info: sgdma_rx: Starting RTL generation for module 'nios_system_sgdma_rx'
Info: sgdma_rx:   Generation command is [exec /home/ubuntu/intelFPGA_lite/16.1/quartus/linux64/perl/bin/perl -I /home/ubuntu/intelFPGA_lite/16.1/quartus/linux64/perl/lib -I /home/ubuntu/intelFPGA_lite/16.1/quartus/sopc_builder/bin/europa -I /home/ubuntu/intelFPGA_lite/16.1/quartus/sopc_builder/bin/perl_lib -I /home/ubuntu/intelFPGA_lite/16.1/quartus/sopc_builder/bin -I /home/ubuntu/intelFPGA_lite/16.1/quartus/../ip/altera/sopc_builder_ip/common -I /home/ubuntu/intelFPGA_lite/16.1/quartus/../ip/altera/sopc_builder_ip/altera_avalon_sgdma -- /home/ubuntu/intelFPGA_lite/16.1/quartus/../ip/altera/sopc_builder_ip/altera_avalon_sgdma/generate_rtl.pl --name=nios_system_sgdma_rx --dir=/tmp/alt7313_2828402817434160069.dir/0005_sgdma_rx_gen/ --quartus_dir=/home/ubuntu/intelFPGA_lite/16.1/quartus --verilog --config=/tmp/alt7313_2828402817434160069.dir/0005_sgdma_rx_gen//nios_system_sgdma_rx_component_configuration.pl  --do_build_sim=0  ]
Info: sgdma_rx: Done RTL generation for module 'nios_system_sgdma_rx'
Info: sgdma_rx: "nios_system" instantiated altera_avalon_sgdma "sgdma_rx"
Info: sgdma_tx: Starting RTL generation for module 'nios_system_sgdma_tx'
Info: sgdma_tx:   Generation command is [exec /home/ubuntu/intelFPGA_lite/16.1/quartus/linux64/perl/bin/perl -I /home/ubuntu/intelFPGA_lite/16.1/quartus/linux64/perl/lib -I /home/ubuntu/intelFPGA_lite/16.1/quartus/sopc_builder/bin/europa -I /home/ubuntu/intelFPGA_lite/16.1/quartus/sopc_builder/bin/perl_lib -I /home/ubuntu/intelFPGA_lite/16.1/quartus/sopc_builder/bin -I /home/ubuntu/intelFPGA_lite/16.1/quartus/../ip/altera/sopc_builder_ip/common -I /home/ubuntu/intelFPGA_lite/16.1/quartus/../ip/altera/sopc_builder_ip/altera_avalon_sgdma -- /home/ubuntu/intelFPGA_lite/16.1/quartus/../ip/altera/sopc_builder_ip/altera_avalon_sgdma/generate_rtl.pl --name=nios_system_sgdma_tx --dir=/tmp/alt7313_2828402817434160069.dir/0006_sgdma_tx_gen/ --quartus_dir=/home/ubuntu/intelFPGA_lite/16.1/quartus --verilog --config=/tmp/alt7313_2828402817434160069.dir/0006_sgdma_tx_gen//nios_system_sgdma_tx_component_configuration.pl  --do_build_sim=0  ]
Info: sgdma_tx: Done RTL generation for module 'nios_system_sgdma_tx'
Info: sgdma_tx: "nios_system" instantiated altera_avalon_sgdma "sgdma_tx"
Info: tse: "nios_system" instantiated altera_eth_tse "tse"
Info: avalon_st_adapter: Inserting error_adapter: error_adapter_0
Info: avalon_st_adapter_001: Inserting error_adapter: error_adapter_0
Info: avalon_st_adapter_002: Inserting error_adapter: error_adapter_0
Info: avalon_st_adapter_003: Inserting error_adapter: error_adapter_0
Info: avalon_st_adapter_004: Inserting error_adapter: error_adapter_0
Info: avalon_st_adapter_005: Inserting error_adapter: error_adapter_0
Info: avalon_st_adapter_006: Inserting error_adapter: error_adapter_0
Info: mm_interconnect_0: "nios_system" instantiated altera_mm_interconnect "mm_interconnect_0"
Info: irq_mapper: "nios_system" instantiated altera_irq_mapper "irq_mapper"
Info: avalon_st_adapter: "nios_system" instantiated altera_avalon_st_adapter "avalon_st_adapter"
Info: rst_controller: "nios_system" instantiated altera_reset_controller "rst_controller"
Info: i_tse_mac: "tse" instantiated altera_eth_tse_mac "i_tse_mac"
Info: nios2_data_master_translator: "mm_interconnect_0" instantiated altera_merlin_master_translator "nios2_data_master_translator"
Info: jtag_uart_avalon_jtag_slave_translator: "mm_interconnect_0" instantiated altera_merlin_slave_translator "jtag_uart_avalon_jtag_slave_translator"
Info: nios2_data_master_agent: "mm_interconnect_0" instantiated altera_merlin_master_agent "nios2_data_master_agent"
Info: jtag_uart_avalon_jtag_slave_agent: "mm_interconnect_0" instantiated altera_merlin_slave_agent "jtag_uart_avalon_jtag_slave_agent"
Info: jtag_uart_avalon_jtag_slave_agent_rsp_fifo: "mm_interconnect_0" instantiated altera_avalon_sc_fifo "jtag_uart_avalon_jtag_slave_agent_rsp_fifo"
Info: router: "mm_interconnect_0" instantiated altera_merlin_router "router"
Info: router_001: "mm_interconnect_0" instantiated altera_merlin_router "router_001"
Info: router_005: "mm_interconnect_0" instantiated altera_merlin_router "router_005"
Info: router_006: "mm_interconnect_0" instantiated altera_merlin_router "router_006"
Info: router_008: "mm_interconnect_0" instantiated altera_merlin_router "router_008"
Info: router_012: "mm_interconnect_0" instantiated altera_merlin_router "router_012"
Info: router_013: "mm_interconnect_0" instantiated altera_merlin_router "router_013"
Info: router_014: "mm_interconnect_0" instantiated altera_merlin_router "router_014"
Info: nios2_instruction_master_limiter: "mm_interconnect_0" instantiated altera_merlin_traffic_limiter "nios2_instruction_master_limiter"
Info: Reusing file /home/ubuntu/workdir/corlice/nios_system/synthesis/submodules/altera_avalon_sc_fifo.v
Info: cmd_demux: "mm_interconnect_0" instantiated altera_merlin_demultiplexer "cmd_demux"
Info: cmd_demux_001: "mm_interconnect_0" instantiated altera_merlin_demultiplexer "cmd_demux_001"
Info: cmd_demux_005: "mm_interconnect_0" instantiated altera_merlin_demultiplexer "cmd_demux_005"
Info: cmd_mux: "mm_interconnect_0" instantiated altera_merlin_multiplexer "cmd_mux"
Info: cmd_mux_004: "mm_interconnect_0" instantiated altera_merlin_multiplexer "cmd_mux_004"
Info: Reusing file /home/ubuntu/workdir/corlice/nios_system/synthesis/submodules/altera_merlin_arbitrator.sv
Info: cmd_mux_005: "mm_interconnect_0" instantiated altera_merlin_multiplexer "cmd_mux_005"
Info: Reusing file /home/ubuntu/workdir/corlice/nios_system/synthesis/submodules/altera_merlin_arbitrator.sv
Info: cmd_mux_006: "mm_interconnect_0" instantiated altera_merlin_multiplexer "cmd_mux_006"
Info: Reusing file /home/ubuntu/workdir/corlice/nios_system/synthesis/submodules/altera_merlin_arbitrator.sv
Info: rsp_demux_004: "mm_interconnect_0" instantiated altera_merlin_demultiplexer "rsp_demux_004"
Info: rsp_demux_005: "mm_interconnect_0" instantiated altera_merlin_demultiplexer "rsp_demux_005"
Info: rsp_demux_006: "mm_interconnect_0" instantiated altera_merlin_demultiplexer "rsp_demux_006"
Info: rsp_mux: "mm_interconnect_0" instantiated altera_merlin_multiplexer "rsp_mux"
Info: Reusing file /home/ubuntu/workdir/corlice/nios_system/synthesis/submodules/altera_merlin_arbitrator.sv
Info: rsp_mux_001: "mm_interconnect_0" instantiated altera_merlin_multiplexer "rsp_mux_001"
Info: Reusing file /home/ubuntu/workdir/corlice/nios_system/synthesis/submodules/altera_merlin_arbitrator.sv
Info: rsp_mux_005: "mm_interconnect_0" instantiated altera_merlin_multiplexer "rsp_mux_005"
Info: Reusing file /home/ubuntu/workdir/corlice/nios_system/synthesis/submodules/altera_merlin_arbitrator.sv
Info: avalon_st_adapter: "mm_interconnect_0" instantiated altera_avalon_st_adapter "avalon_st_adapter"
Info: timing_adapter_0: "avalon_st_adapter" instantiated timing_adapter "timing_adapter_0"
Info: error_adapter_0: "avalon_st_adapter" instantiated error_adapter "error_adapter_0"
Info: nios_system: Done "nios_system" with 43 modules, 179 files
Info: qsys-generate succeeded.
Info: Finished: Create HDL design files for synthesis
